Updating: 00_world_laws.txt
  CATEGORY: .
  NAME: World Laws
  SOURCE: 00_world_laws.txt

Updating: 01_world_history.txt
  CATEGORY: .
  NAME: World History
  SOURCE: 01_world_history.txt

Updating: 02_sealed_valley.txt
  CATEGORY: .
  NAME: Sealed Valley
  SOURCE: 02_sealed_valley.txt

Updating: 03_valley_overview.txt
  CATEGORY: .
  NAME: Valley Overview
  SOURCE: 03_valley_overview.txt

Updating: 04_ruin_structures.txt
  CATEGORY: .
  NAME: Ruin Structures
  SOURCE: 04_ruin_structures.txt

Updating: 05_shard_behavior.txt
  CATEGORY: .
  NAME: Shard Behavior
  SOURCE: 05_shard_behavior.txt

Updating: 06_megafauna.txt
  CATEGORY: .
  NAME: Megafauna
  SOURCE: 06_megafauna.txt

Updating: biomes/00_biome_index.txt
  CATEGORY: biomes
  NAME: Biome Index
  SOURCE: biomes/00_biome_index.txt

Updating: biomes/01_plains.txt
  CATEGORY: biomes
  NAME: Plains
  SOURCE: biomes/01_plains.txt

Updating: biomes/02_meadow.txt
  CATEGORY: biomes
  NAME: Meadow
  SOURCE: biomes/02_meadow.txt

Updating: biomes/03_hills.txt
  CATEGORY: biomes
  NAME: Hills
  SOURCE: biomes/03_hills.txt

Updating: biomes/04_mixed_forest.txt
  CATEGORY: biomes
  NAME: Mixed Forest
  SOURCE: biomes/04_mixed_forest.txt

Updating: biomes/05_evergreen_forest.txt
  CATEGORY: biomes
  NAME: Evergreen Forest
  SOURCE: biomes/05_evergreen_forest.txt

Updating: biomes/06_deciduous_forest.txt
  CATEGORY: biomes
  NAME: Deciduous Forest
  SOURCE: biomes/06_deciduous_forest.txt

Updating: biomes/07_swamp.txt
  CATEGORY: biomes
  NAME: Swamp
  SOURCE: biomes/07_swamp.txt

Updating: biomes/08_lake.txt
  CATEGORY: biomes
  NAME: Lake
  SOURCE: biomes/08_lake.txt

Updating: biomes/09_wet_slope.txt
  CATEGORY: biomes
  NAME: Wet Slope
  SOURCE: biomes/09_wet_slope.txt

Updating: biomes/10_flood_hollow.txt
  CATEGORY: biomes
  NAME: Flood Hollow
  SOURCE: biomes/10_flood_hollow.txt

Updating: biomes/11_tundra.txt
  CATEGORY: biomes
  NAME: Tundra
  SOURCE: biomes/11_tundra.txt

Updating: biomes/12_glacier.txt
  CATEGORY: biomes
  NAME: Glacier
  SOURCE: biomes/12_glacier.txt

Updating: biomes/13_ice_shelf.txt
  CATEGORY: biomes
  NAME: Ice Shelf
  SOURCE: biomes/13_ice_shelf.txt

Updating: biomes/14_frost_sink.txt
  CATEGORY: biomes
  NAME: Frost Sink
  SOURCE: biomes/14_frost_sink.txt

Updating: biomes/15_unclimbable_ridge.txt
  CATEGORY: biomes
  NAME: Unclimbable Ridge
  SOURCE: biomes/15_unclimbable_ridge.txt

Updating: biomes/16_volcanic_slope.txt
  CATEGORY: biomes
  NAME: Volcanic Slope
  SOURCE: biomes/16_volcanic_slope.txt

Updating: biomes/17_ash_field.txt
  CATEGORY: biomes
  NAME: Ash Field
  SOURCE: biomes/17_ash_field.txt

Updating: biomes/18_badlands.txt
  CATEGORY: biomes
  NAME: Badlands
  SOURCE: biomes/18_badlands.txt

Updating: characters/00_character_laws.txt
  CATEGORY: characters
  NAME: Character Laws
  SOURCE: characters/00_character_laws.txt

Updating: crafting/00_crafting_index.txt
  CATEGORY: crafting
  NAME: Crafting Index
  SOURCE: crafting/00_crafting_index.txt

Updating: crafting/armor/00_armor_index.txt
  CATEGORY: crafting (armor)
  NAME: Armor Index
  SOURCE: crafting/armor/00_armor_index.txt

Updating: crafting/armor/01_hidework.txt
  CATEGORY: crafting (armor)
  NAME: Hidework
  SOURCE: crafting/armor/01_hidework.txt

Updating: crafting/armor/02_bonework.txt
  CATEGORY: crafting (armor)
  NAME: Bonework
  SOURCE: crafting/armor/02_bonework.txt

Updating: crafting/armor/03_reedpadding.txt
  CATEGORY: crafting (armor)
  NAME: Reedpadding
  SOURCE: crafting/armor/03_reedpadding.txt

Updating: crafting/armor/04_shields.txt
  CATEGORY: crafting (armor)
  NAME: Shields
  SOURCE: crafting/armor/04_shields.txt

Updating: crafting/armor/05_trophies.txt
  CATEGORY: crafting (armor)
  NAME: Trophies
  SOURCE: crafting/armor/05_trophies.txt

Updating: crafting/tools/00_tools_index.txt
  CATEGORY: crafting (tools)
  NAME: Tools Index
  SOURCE: crafting/tools/00_tools_index.txt

Updating: crafting/tools/01_firemaking.txt
  CATEGORY: crafting (tools)
  NAME: Firemaking
  SOURCE: crafting/tools/01_firemaking.txt

Updating: crafting/tools/02_cutting.txt
  CATEGORY: crafting (tools)
  NAME: Cutting
  SOURCE: crafting/tools/02_cutting.txt

Updating: crafting/tools/03_binding.txt
  CATEGORY: crafting (tools)
  NAME: Binding
  SOURCE: crafting/tools/03_binding.txt

Updating: crafting/tools/04_gathering.txt
  CATEGORY: crafting (tools)
  NAME: Gathering
  SOURCE: crafting/tools/04_gathering.txt

Updating: crafting/tools/05_repair.txt
  CATEGORY: crafting (tools)
  NAME: Repair
  SOURCE: crafting/tools/05_repair.txt

Updating: crafting/tools/06_waterwork.txt
  CATEGORY: crafting (tools)
  NAME: Waterwork
  SOURCE: crafting/tools/06_waterwork.txt

Updating: crafting/weapons/00_weapons_index.txt
  CATEGORY: crafting (weapons)
  NAME: Weapons Index
  SOURCE: crafting/weapons/00_weapons_index.txt

Updating: crafting/weapons/01_bows.txt
  CATEGORY: crafting (weapons)
  NAME: Bows
  SOURCE: crafting/weapons/01_bows.txt

Updating: crafting/weapons/02_arrows.txt
  CATEGORY: crafting (weapons)
  NAME: Arrows
  SOURCE: crafting/weapons/02_arrows.txt

Updating: crafting/weapons/03_axes.txt
  CATEGORY: crafting (weapons)
  NAME: Axes
  SOURCE: crafting/weapons/03_axes.txt

Updating: crafting/weapons/04_spears.txt
  CATEGORY: crafting (weapons)
  NAME: Spears
  SOURCE: crafting/weapons/04_spears.txt

Updating: crafting/weapons/05_clubs.txt
  CATEGORY: crafting (weapons)
  NAME: Clubs
  SOURCE: crafting/weapons/05_clubs.txt

Updating: crafting/weapons/06_thrown.txt
  CATEGORY: crafting (weapons)
  NAME: Thrown
  SOURCE: crafting/weapons/06_thrown.txt

Updating: fauna/aquatic/00_aquatic_index.txt
  CATEGORY: fauna (aquatic)
  NAME: Aquatic Index
  SOURCE: fauna/aquatic/00_aquatic_index.txt

Updating: fauna/aquatic/01_northern_pike.txt
  CATEGORY: fauna (aquatic)
  NAME: Northern Pike
  SOURCE: fauna/aquatic/01_northern_pike.txt

Updating: fauna/aquatic/02_brown_trout.txt
  CATEGORY: fauna (aquatic)
  NAME: Brown Trout
  SOURCE: fauna/aquatic/02_brown_trout.txt

Updating: fauna/aquatic/03_freshwater_eel.txt
  CATEGORY: fauna (aquatic)
  NAME: Freshwater Eel
  SOURCE: fauna/aquatic/03_freshwater_eel.txt

Updating: fauna/aquatic/04_muskrat.txt
  CATEGORY: fauna (aquatic)
  NAME: Muskrat
  SOURCE: fauna/aquatic/04_muskrat.txt

Updating: fauna/aquatic/05_bullfrog.txt
  CATEGORY: fauna (aquatic)
  NAME: Bullfrog
  SOURCE: fauna/aquatic/05_bullfrog.txt

Updating: fauna/aquatic/06_common_toad.txt
  CATEGORY: fauna (aquatic)
  NAME: Common Toad
  SOURCE: fauna/aquatic/06_common_toad.txt

Updating: fauna/aquatic/07_northern_water_snake.txt
  CATEGORY: fauna (aquatic)
  NAME: Northern Water Snake
  SOURCE: fauna/aquatic/07_northern_water_snake.txt

Updating: fauna/aquatic/08_pond_turtle.txt
  CATEGORY: fauna (aquatic)
  NAME: Pond Turtle
  SOURCE: fauna/aquatic/08_pond_turtle.txt

Updating: fauna/aquatic/09_crayfish.txt
  CATEGORY: fauna (aquatic)
  NAME: Crayfish
  SOURCE: fauna/aquatic/09_crayfish.txt

Updating: fauna/aquatic/10_river_otter.txt
  CATEGORY: fauna (aquatic)
  NAME: River Otter
  SOURCE: fauna/aquatic/10_river_otter.txt

Updating: fauna/fauna_index.txt
  CATEGORY: fauna
  NAME: Fauna Index
  SOURCE: fauna/fauna_index.txt

Updating: fauna/flyers/00_flyers_index.txt
  CATEGORY: fauna (flyers)
  NAME: Flyers Index
  SOURCE: fauna/flyers/00_flyers_index.txt

Updating: fauna/flyers/01_barred_owl.txt
  CATEGORY: fauna (flyers)
  NAME: Barred Owl
  SOURCE: fauna/flyers/01_barred_owl.txt

Updating: fauna/flyers/02_red_tailed_hawk.txt
  CATEGORY: fauna (flyers)
  NAME: Red Tailed Hawk
  SOURCE: fauna/flyers/02_red_tailed_hawk.txt

Updating: fauna/flyers/03_greylag_goose.txt
  CATEGORY: fauna (flyers)
  NAME: Greylag Goose
  SOURCE: fauna/flyers/03_greylag_goose.txt

Updating: fauna/flyers/04_mottled_duck.txt
  CATEGORY: fauna (flyers)
  NAME: Mottled Duck
  SOURCE: fauna/flyers/04_mottled_duck.txt

Updating: fauna/flyers/05_barn_swallow.txt
  CATEGORY: fauna (flyers)
  NAME: Barn Swallow
  SOURCE: fauna/flyers/05_barn_swallow.txt

Updating: fauna/flyers/06_black_billed_magpie.txt
  CATEGORY: fauna (flyers)
  NAME: Black Billed Magpie
  SOURCE: fauna/flyers/06_black_billed_magpie.txt

Updating: fauna/flyers/07_crow.txt
  CATEGORY: fauna (flyers)
  NAME: Crow
  SOURCE: fauna/flyers/07_crow.txt

Updating: fauna/flyers/08_peregrine_falcon.txt
  CATEGORY: fauna (flyers)
  NAME: Peregrine Falcon
  SOURCE: fauna/flyers/08_peregrine_falcon.txt

Updating: fauna/flyers/09_snowy_owl.txt
  CATEGORY: fauna (flyers)
  NAME: Snowy Owl
  SOURCE: fauna/flyers/09_snowy_owl.txt

Updating: fauna/flyers/10_rock_pigeon.txt
  CATEGORY: fauna (flyers)
  NAME: Rock Pigeon
  SOURCE: fauna/flyers/10_rock_pigeon.txt

Updating: fauna/grazers/00_grazers_index.txt
  CATEGORY: fauna (grazers)
  NAME: Grazers Index
  SOURCE: fauna/grazers/00_grazers_index.txt

Updating: fauna/grazers/01_snowshoe_hare.txt
  CATEGORY: fauna (grazers)
  NAME: Snowshoe Hare
  SOURCE: fauna/grazers/01_snowshoe_hare.txt

Updating: fauna/grazers/02_elk.txt
  CATEGORY: fauna (grazers)
  NAME: Elk
  SOURCE: fauna/grazers/02_elk.txt

Updating: fauna/grazers/03_musk_ox.txt
  CATEGORY: fauna (grazers)
  NAME: Musk Ox
  SOURCE: fauna/grazers/03_musk_ox.txt

Updating: fauna/grazers/04_roe_deer.txt
  CATEGORY: fauna (grazers)
  NAME: Roe Deer
  SOURCE: fauna/grazers/04_roe_deer.txt

Updating: fauna/grazers/05_ptarmigan.txt
  CATEGORY: fauna (grazers)
  NAME: Ptarmigan
  SOURCE: fauna/grazers/05_ptarmigan.txt

Updating: fauna/grazers/06_beaver.txt
  CATEGORY: fauna (grazers)
  NAME: Beaver
  SOURCE: fauna/grazers/06_beaver.txt

Updating: fauna/grazers/07_woodchuck.txt
  CATEGORY: fauna (grazers)
  NAME: Woodchuck
  SOURCE: fauna/grazers/07_woodchuck.txt

Updating: fauna/grazers/08_wild_goat.txt
  CATEGORY: fauna (grazers)
  NAME: Wild Goat
  SOURCE: fauna/grazers/08_wild_goat.txt

Updating: fauna/grazers/09_bison.txt
  CATEGORY: fauna (grazers)
  NAME: Bison
  SOURCE: fauna/grazers/09_bison.txt

Updating: fauna/grazers/10_moose.txt
  CATEGORY: fauna (grazers)
  NAME: Moose
  SOURCE: fauna/grazers/10_moose.txt

Updating: fauna/megafauna/00_megafauna_index.txt
  CATEGORY: fauna (megafauna)
  NAME: Megafauna Index
  SOURCE: fauna/megafauna/00_megafauna_index.txt

Updating: fauna/megafauna/01_woolly_mammoth.txt
  CATEGORY: fauna (megafauna)
  NAME: Woolly Mammoth
  SOURCE: fauna/megafauna/01_woolly_mammoth.txt

Updating: fauna/megafauna/02_cave_bear.txt
  CATEGORY: fauna (megafauna)
  NAME: Cave Bear
  SOURCE: fauna/megafauna/02_cave_bear.txt

Updating: fauna/megafauna/03_woolly_rhinoceros.txt
  CATEGORY: fauna (megafauna)
  NAME: Woolly Rhinoceros
  SOURCE: fauna/megafauna/03_woolly_rhinoceros.txt

Updating: fauna/megafauna/04_dire_wolf.txt
  CATEGORY: fauna (megafauna)
  NAME: Dire Wolf
  SOURCE: fauna/megafauna/04_dire_wolf.txt

Updating: fauna/megafauna/05_saber_tooth_tiger.txt
  CATEGORY: fauna (megafauna)
  NAME: Saber Tooth Tiger
  SOURCE: fauna/megafauna/05_saber_tooth_tiger.txt

Updating: fauna/megafauna/06_short_faced_bear.txt
  CATEGORY: fauna (megafauna)
  NAME: Short Faced Bear
  SOURCE: fauna/megafauna/06_short_faced_bear.txt

Updating: fauna/megafauna/07_cave_lion.txt
  CATEGORY: fauna (megafauna)
  NAME: Cave Lion
  SOURCE: fauna/megafauna/07_cave_lion.txt

Updating: fauna/megafauna/08_steppe_bison.txt
  CATEGORY: fauna (megafauna)
  NAME: Steppe Bison
  SOURCE: fauna/megafauna/08_steppe_bison.txt

Updating: fauna/megafauna/09_dinornis.txt
  CATEGORY: fauna (megafauna)
  NAME: Dinornis
  SOURCE: fauna/megafauna/09_dinornis.txt

Updating: fauna/megafauna/10_varanus_priscu.txt
  CATEGORY: fauna (megafauna)
  NAME: Varanus Priscu
  SOURCE: fauna/megafauna/10_varanus_priscu.txt

Updating: fauna/predators/00_predators_index.txt
  CATEGORY: fauna (predators)
  NAME: Predators Index
  SOURCE: fauna/predators/00_predators_index.txt

Updating: fauna/predators/01_gray_wolf.txt
  CATEGORY: fauna (predators)
  NAME: Gray Wolf
  SOURCE: fauna/predators/01_gray_wolf.txt

Updating: fauna/predators/02_lynx.txt
  CATEGORY: fauna (predators)
  NAME: Lynx
  SOURCE: fauna/predators/02_lynx.txt

Updating: fauna/predators/03_red_fox.txt
  CATEGORY: fauna (predators)
  NAME: Red Fox
  SOURCE: fauna/predators/03_red_fox.txt

Updating: fauna/predators/04_wolverine.txt
  CATEGORY: fauna (predators)
  NAME: Wolverine
  SOURCE: fauna/predators/04_wolverine.txt

Updating: fauna/predators/05_cougar.txt
  CATEGORY: fauna (predators)
  NAME: Cougar
  SOURCE: fauna/predators/05_cougar.txt

Updating: fauna/predators/06_polar_bear.txt
  CATEGORY: fauna (predators)
  NAME: Polar Bear
  SOURCE: fauna/predators/06_polar_bear.txt

Updating: fauna/predators/07_golden_eagle.txt
  CATEGORY: fauna (predators)
  NAME: Golden Eagle
  SOURCE: fauna/predators/07_golden_eagle.txt

Updating: fauna/predators/08_brown_bear.txt
  CATEGORY: fauna (predators)
  NAME: Brown Bear
  SOURCE: fauna/predators/08_brown_bear.txt

Updating: fauna/predators/09_coyote.txt
  CATEGORY: fauna (predators)
  NAME: Coyote
  SOURCE: fauna/predators/09_coyote.txt

Updating: fauna/predators/10_stoat.txt
  CATEGORY: fauna (predators)
  NAME: Stoat
  SOURCE: fauna/predators/10_stoat.txt

Updating: fauna/scavengers/00_scavengers_index.txt
  CATEGORY: fauna (scavengers)
  NAME: Scavengers Index
  SOURCE: fauna/scavengers/00_scavengers_index.txt

Updating: fauna/scavengers/01_raven.txt
  CATEGORY: fauna (scavengers)
  NAME: Raven
  SOURCE: fauna/scavengers/01_raven.txt

Updating: fauna/scavengers/02_raccoon.txt
  CATEGORY: fauna (scavengers)
  NAME: Raccoon
  SOURCE: fauna/scavengers/02_raccoon.txt

Updating: fauna/scavengers/03_skunk.txt
  CATEGORY: fauna (scavengers)
  NAME: Skunk
  SOURCE: fauna/scavengers/03_skunk.txt

Updating: fauna/scavengers/04_striped_hyena.txt
  CATEGORY: fauna (scavengers)
  NAME: Striped Hyena
  SOURCE: fauna/scavengers/04_striped_hyena.txt

Updating: fauna/scavengers/05_vulture.txt
  CATEGORY: fauna (scavengers)
  NAME: Vulture
  SOURCE: fauna/scavengers/05_vulture.txt

Updating: fauna/scavengers/06_badger.txt
  CATEGORY: fauna (scavengers)
  NAME: Badger
  SOURCE: fauna/scavengers/06_badger.txt

Updating: fauna/scavengers/07_weasel.txt
  CATEGORY: fauna (scavengers)
  NAME: Weasel
  SOURCE: fauna/scavengers/07_weasel.txt

Updating: fauna/scavengers/08_crow.txt
  CATEGORY: fauna (scavengers)
  NAME: Crow
  SOURCE: fauna/scavengers/08_crow.txt

Updating: fauna/scavengers/09_opossum.txt
  CATEGORY: fauna (scavengers)
  NAME: Opossum
  SOURCE: fauna/scavengers/09_opossum.txt

Updating: fauna/scavengers/10_carrion_beetle.txt
  CATEGORY: fauna (scavengers)
  NAME: Carrion Beetle
  SOURCE: fauna/scavengers/10_carrion_beetle.txt

Updating: fauna/signals/00_signals_index.txt
  CATEGORY: fauna (signals)
  NAME: Signals Index
  SOURCE: fauna/signals/00_signals_index.txt

Updating: fauna/signals/01_tree_frog.txt
  CATEGORY: fauna (signals)
  NAME: Tree Frog
  SOURCE: fauna/signals/01_tree_frog.txt

Updating: fauna/signals/02_nightjar.txt
  CATEGORY: fauna (signals)
  NAME: Nightjar
  SOURCE: fauna/signals/02_nightjar.txt

Updating: fauna/signals/03_swallow.txt
  CATEGORY: fauna (signals)
  NAME: Swallow
  SOURCE: fauna/signals/03_swallow.txt

Updating: fauna/signals/04_cicada.txt
  CATEGORY: fauna (signals)
  NAME: Cicada
  SOURCE: fauna/signals/04_cicada.txt

Updating: fauna/signals/05_woodpecker.txt
  CATEGORY: fauna (signals)
  NAME: Woodpecker
  SOURCE: fauna/signals/05_woodpecker.txt

Updating: fauna/signals/06_meadowlark.txt
  CATEGORY: fauna (signals)
  NAME: Meadowlark
  SOURCE: fauna/signals/06_meadowlark.txt

Updating: fauna/signals/07_field_cricket.txt
  CATEGORY: fauna (signals)
  NAME: Field Cricket
  SOURCE: fauna/signals/07_field_cricket.txt

Updating: fauna/signals/08_bat.txt
  CATEGORY: fauna (signals)
  NAME: Bat
  SOURCE: fauna/signals/08_bat.txt

Updating: fauna/signals/09_chickadee.txt
  CATEGORY: fauna (signals)
  NAME: Chickadee
  SOURCE: fauna/signals/09_chickadee.txt

Updating: fauna/signals/10_dragonfly.txt
  CATEGORY: fauna (signals)
  NAME: Dragonfly
  SOURCE: fauna/signals/10_dragonfly.txt

Updating: flora/crafting/00_flora_crafting_index.txt
  CATEGORY: flora (crafting)
  NAME: Flora Crafting Index
  SOURCE: flora/crafting/00_flora_crafting_index.txt

Updating: flora/crafting/01_yew_stavewood.txt
  CATEGORY: flora (crafting)
  NAME: Yew Stavewood
  SOURCE: flora/crafting/01_yew_stavewood.txt

Updating: flora/crafting/02_spruce_heartwood.txt
  CATEGORY: flora (crafting)
  NAME: Spruce Heartwood
  SOURCE: flora/crafting/02_spruce_heartwood.txt

Updating: flora/crafting/03_cordgrass_fiber.txt
  CATEGORY: flora (crafting)
  NAME: Cordgrass Fiber
  SOURCE: flora/crafting/03_cordgrass_fiber.txt

Updating: flora/crafting/04_birch_peel.txt
  CATEGORY: flora (crafting)
  NAME: Birch Peel
  SOURCE: flora/crafting/04_birch_peel.txt

Updating: flora/crafting/05_liana_bark.txt
  CATEGORY: flora (crafting)
  NAME: Liana Bark
  SOURCE: flora/crafting/05_liana_bark.txt

Updating: flora/crafting/06_bulrush_stalk.txt
  CATEGORY: flora (crafting)
  NAME: Bulrush Stalk
  SOURCE: flora/crafting/06_bulrush_stalk.txt

Updating: flora/crafting/07_sagebrush_stalk.txt
  CATEGORY: flora (crafting)
  NAME: Sagebrush Stalk
  SOURCE: flora/crafting/07_sagebrush_stalk.txt

Updating: flora/crafting/08_mullein_leaf.txt
  CATEGORY: flora (crafting)
  NAME: Mullein Leaf
  SOURCE: flora/crafting/08_mullein_leaf.txt

Updating: flora/crafting/09_pine_tree.txt
  CATEGORY: flora (crafting)
  NAME: Pine Tree
  SOURCE: flora/crafting/09_pine_tree.txt

Updating: flora/crafting/10_tamarisk_wand.txt
  CATEGORY: flora (crafting)
  NAME: Tamarisk Wand
  SOURCE: flora/crafting/10_tamarisk_wand.txt

Updating: flora/edibles/00_flora_edlible_index.txt
  CATEGORY: flora (edibles)
  NAME: Flora Edlible Index
  SOURCE: flora/edibles/00_flora_edlible_index.txt

Updating: flora/edibles/01_cattail_rhizome.txt
  CATEGORY: flora (edibles)
  NAME: Cattail Rhizome
  SOURCE: flora/edibles/01_cattail_rhizome.txt

Updating: flora/edibles/02_nettles.txt
  CATEGORY: flora (edibles)
  NAME: Nettles
  SOURCE: flora/edibles/02_nettles.txt

Updating: flora/edibles/03_tundra_willow_bark.txt
  CATEGORY: flora (edibles)
  NAME: Tundra Willow Bark
  SOURCE: flora/edibles/03_tundra_willow_bark.txt

Updating: flora/edibles/04_bluegrass_seeds.txt
  CATEGORY: flora (edibles)
  NAME: Bluegrass Seeds
  SOURCE: flora/edibles/04_bluegrass_seeds.txt

Updating: flora/edibles/05_bog_cranberries.txt
  CATEGORY: flora (edibles)
  NAME: Bog Cranberries
  SOURCE: flora/edibles/05_bog_cranberries.txt

Updating: flora/edibles/06_wild_sorrel.txt
  CATEGORY: flora (edibles)
  NAME: Wild Sorrel
  SOURCE: flora/edibles/06_wild_sorrel.txt

Updating: flora/edibles/07_hazelnuts.txt
  CATEGORY: flora (edibles)
  NAME: Hazelnuts
  SOURCE: flora/edibles/07_hazelnuts.txt

Updating: flora/edibles/08_firethorn_berry.txt
  CATEGORY: flora (edibles)
  NAME: Firethorn Berry
  SOURCE: flora/edibles/08_firethorn_berry.txt

Updating: flora/edibles/09_rose_hip.txt
  CATEGORY: flora (edibles)
  NAME: Rose Hip
  SOURCE: flora/edibles/09_rose_hip.txt

Updating: flora/edibles/10_lambs_quarters.txt
  CATEGORY: flora (edibles)
  NAME: Lambs Quarters
  SOURCE: flora/edibles/10_lambs_quarters.txt

Updating: flora/edibles/11_alpine_bistort.txt
  CATEGORY: flora (edibles)
  NAME: Alpine Bistort
  SOURCE: flora/edibles/11_alpine_bistort.txt

Updating: flora/flora_index.txt
  CATEGORY: flora
  NAME: Flora Index
  SOURCE: flora/flora_index.txt

Updating: flora/indicator/00_flora_indicator_index.txt
  CATEGORY: flora (indicator)
  NAME: Flora Indicator Index
  SOURCE: flora/indicator/00_flora_indicator_index.txt

Updating: flora/indicator/01_reindeer_lichen.txt
  CATEGORY: flora (indicator)
  NAME: Reindeer Lichen
  SOURCE: flora/indicator/01_reindeer_lichen.txt

Updating: flora/indicator/02_sphagnum_moss.txt
  CATEGORY: flora (indicator)
  NAME: Sphagnum Moss
  SOURCE: flora/indicator/02_sphagnum_moss.txt

Updating: flora/indicator/03_horsetail_fern.txt
  CATEGORY: flora (indicator)
  NAME: Horsetail Fern
  SOURCE: flora/indicator/03_horsetail_fern.txt

Updating: flora/indicator/04_wolf_lichen.txt
  CATEGORY: flora (indicator)
  NAME: Wolf Lichen
  SOURCE: flora/indicator/04_wolf_lichen.txt

Updating: flora/indicator/05_clubmoss.txt
  CATEGORY: flora (indicator)
  NAME: Clubmoss
  SOURCE: flora/indicator/05_clubmoss.txt

Updating: flora/indicator/06_polypody_fern.txt
  CATEGORY: flora (indicator)
  NAME: Polypody Fern
  SOURCE: flora/indicator/06_polypody_fern.txt

Updating: flora/indicator/07_haircap_moss.txt
  CATEGORY: flora (indicator)
  NAME: Haircap Moss
  SOURCE: flora/indicator/07_haircap_moss.txt

Updating: flora/indicator/08_liverwort_patch.txt
  CATEGORY: flora (indicator)
  NAME: Liverwort Patch
  SOURCE: flora/indicator/08_liverwort_patch.txt

Updating: flora/indicator/09_field_sedge.txt
  CATEGORY: flora (indicator)
  NAME: Field Sedge
  SOURCE: flora/indicator/09_field_sedge.txt

Updating: flora/indicator/10_snowbed_willow.txt
  CATEGORY: flora (indicator)
  NAME: Snowbed Willow
  SOURCE: flora/indicator/10_snowbed_willow.txt

Updating: flora/medicinal/00_flora_medicinal_index.txt
  CATEGORY: flora (medicinal)
  NAME: Flora Medicinal Index
  SOURCE: flora/medicinal/00_flora_medicinal_index.txt

Updating: flora/medicinal/01_willow_bark.txt
  CATEGORY: flora (medicinal)
  NAME: Willow Bark
  SOURCE: flora/medicinal/01_willow_bark.txt

Updating: flora/medicinal/02_yarrow.txt
  CATEGORY: flora (medicinal)
  NAME: Yarrow
  SOURCE: flora/medicinal/02_yarrow.txt

Updating: flora/medicinal/03_frost_spurge.txt
  CATEGORY: flora (medicinal)
  NAME: Frost Spurge
  SOURCE: flora/medicinal/03_frost_spurge.txt

Updating: flora/medicinal/04_bush_weed.txt
  CATEGORY: flora (medicinal)
  NAME: Bush Weed
  SOURCE: flora/medicinal/04_bush_weed.txt

Updating: flora/medicinal/05_bandage_lichen.txt
  CATEGORY: flora (medicinal)
  NAME: Bandage Lichen
  SOURCE: flora/medicinal/05_bandage_lichen.txt

Updating: flora/medicinal/06_calendula_flower.txt
  CATEGORY: flora (medicinal)
  NAME: Calendula Flower
  SOURCE: flora/medicinal/06_calendula_flower.txt

Updating: flora/medicinal/07_tinder_fungus.txt
  CATEGORY: flora (medicinal)
  NAME: Tinder Fungus
  SOURCE: flora/medicinal/07_tinder_fungus.txt

Updating: flora/medicinal/08_cladophora_algae.txt
  CATEGORY: flora (medicinal)
  NAME: Cladophora Algae
  SOURCE: flora/medicinal/08_cladophora_algae.txt

Updating: flora/medicinal/09_plantain_leaf.txt
  CATEGORY: flora (medicinal)
  NAME: Plantain Leaf
  SOURCE: flora/medicinal/09_plantain_leaf.txt

Updating: flora/medicinal/10_comfrey_root.txt
  CATEGORY: flora (medicinal)
  NAME: Comfrey Root
  SOURCE: flora/medicinal/10_comfrey_root.txt

Updating: flora/poisons/00_flora_poisons_index.txt
  CATEGORY: flora (poisons)
  NAME: Flora Poisons Index
  SOURCE: flora/poisons/00_flora_poisons_index.txt

Updating: flora/poisons/01_hemlock_root.txt
  CATEGORY: flora (poisons)
  NAME: Hemlock Root
  SOURCE: flora/poisons/01_hemlock_root.txt

Updating: flora/poisons/02_wolfsbane.txt
  CATEGORY: flora (poisons)
  NAME: Wolfsbane
  SOURCE: flora/poisons/02_wolfsbane.txt

Updating: flora/poisons/03_belladonna.txt
  CATEGORY: flora (poisons)
  NAME: Belladonna
  SOURCE: flora/poisons/03_belladonna.txt

Updating: flora/poisons/04_bloodroot.txt
  CATEGORY: flora (poisons)
  NAME: Bloodroot
  SOURCE: flora/poisons/04_bloodroot.txt

Updating: flora/poisons/05_cowbane.txt
  CATEGORY: flora (poisons)
  NAME: Cowbane
  SOURCE: flora/poisons/05_cowbane.txt

Updating: flora/poisons/06_devils_club.txt
  CATEGORY: flora (poisons)
  NAME: Devils Club
  SOURCE: flora/poisons/06_devils_club.txt

Updating: flora/poisons/07_white_snakeroot.txt
  CATEGORY: flora (poisons)
  NAME: White Snakeroot
  SOURCE: flora/poisons/07_white_snakeroot.txt

Updating: flora/poisons/08_baneberry.txt
  CATEGORY: flora (poisons)
  NAME: Baneberry
  SOURCE: flora/poisons/08_baneberry.txt

Updating: flora/poisons/09_thorn_apple.txt
  CATEGORY: flora (poisons)
  NAME: Thorn Apple
  SOURCE: flora/poisons/09_thorn_apple.txt

Updating: flora/poisons/10_water_hemlock.txt
  CATEGORY: flora (poisons)
  NAME: Water Hemlock
  SOURCE: flora/poisons/10_water_hemlock.txt

Updating: language/00_language_laws.txt
  CATEGORY: language
  NAME: Language Laws
  SOURCE: language/00_language_laws.txt

Updating: language/01_dialogue_voice.txt
  CATEGORY: language
  NAME: Dialogue Voice
  SOURCE: language/01_dialogue_voice.txt

Updating: materials/00_materials_index.txt
  CATEGORY: materials
  NAME: Materials Index
  SOURCE: materials/00_materials_index.txt

Updating: materials/chemical/01_saltpeter.txt
  CATEGORY: materials (chemical)
  NAME: Saltpeter
  SOURCE: materials/chemical/01_saltpeter.txt

Updating: materials/chemical/02_sulfur.txt
  CATEGORY: materials (chemical)
  NAME: Sulfur
  SOURCE: materials/chemical/02_sulfur.txt

Updating: materials/chemical/03_clay_alkali.txt
  CATEGORY: materials (chemical)
  NAME: Clay Alkali
  SOURCE: materials/chemical/03_clay_alkali.txt

Updating: materials/compound/01_clay.txt
  CATEGORY: materials (compound)
  NAME: Clay
  SOURCE: materials/compound/01_clay.txt

Updating: materials/compound/02_charcoal.txt
  CATEGORY: materials (compound)
  NAME: Charcoal
  SOURCE: materials/compound/02_charcoal.txt

Updating: materials/compound/03_ash.txt
  CATEGORY: materials (compound)
  NAME: Ash
  SOURCE: materials/compound/03_ash.txt

Updating: materials/compound/04_salt_crust.txt
  CATEGORY: materials (compound)
  NAME: Salt Crust
  SOURCE: materials/compound/04_salt_crust.txt

Updating: materials/compound/05_resin_mix.txt
  CATEGORY: materials (compound)
  NAME: Resin Mix
  SOURCE: materials/compound/05_resin_mix.txt

Updating: materials/compound/06_glue_bone.txt
  CATEGORY: materials (compound)
  NAME: Glue Bone
  SOURCE: materials/compound/06_glue_bone.txt

Updating: materials/compound/07_oil_fish.txt
  CATEGORY: materials (compound)
  NAME: Oil Fish
  SOURCE: materials/compound/07_oil_fish.txt

Updating: materials/metal/01_iron_scrap.txt
  CATEGORY: materials (metal)
  NAME: Iron Scrap
  SOURCE: materials/metal/01_iron_scrap.txt

Updating: materials/metal/02_ring_slag.txt
  CATEGORY: materials (metal)
  NAME: Ring Slag
  SOURCE: materials/metal/02_ring_slag.txt

Updating: materials/metal/03_meteoric_iron.txt
  CATEGORY: materials (metal)
  NAME: Meteoric Iron
  SOURCE: materials/metal/03_meteoric_iron.txt

Updating: materials/mineral/01_quartz.txt
  CATEGORY: materials (mineral)
  NAME: Quartz
  SOURCE: materials/mineral/01_quartz.txt

Updating: materials/mineral/02_limestone.txt
  CATEGORY: materials (mineral)
  NAME: Limestone
  SOURCE: materials/mineral/02_limestone.txt

Updating: materials/mineral/03_graphite.txt
  CATEGORY: materials (mineral)
  NAME: Graphite
  SOURCE: materials/mineral/03_graphite.txt

Updating: materials/organic/01_hide.txt
  CATEGORY: materials (organic)
  NAME: Hide
  SOURCE: materials/organic/01_hide.txt

Updating: materials/organic/02_bone.txt
  CATEGORY: materials (organic)
  NAME: Bone
  SOURCE: materials/organic/02_bone.txt

Updating: materials/organic/03_sinew.txt
  CATEGORY: materials (organic)
  NAME: Sinew
  SOURCE: materials/organic/03_sinew.txt

Updating: materials/organic/04_fat_tallow.txt
  CATEGORY: materials (organic)
  NAME: Fat Tallow
  SOURCE: materials/organic/04_fat_tallow.txt

Updating: materials/organic/05_horn_antler.txt
  CATEGORY: materials (organic)
  NAME: Horn Antler
  SOURCE: materials/organic/05_horn_antler.txt

Updating: materials/special/01_shard_dust.txt
  CATEGORY: materials (special)
  NAME: Shard Dust
  SOURCE: materials/special/01_shard_dust.txt

Updating: materials/special/02_resonant_basalt.txt
  CATEGORY: materials (special)
  NAME: Resonant Basalt
  SOURCE: materials/special/02_resonant_basalt.txt

Updating: materials/special/03_ring_glass.txt
  CATEGORY: materials (special)
  NAME: Ring Glass
  SOURCE: materials/special/03_ring_glass.txt

Updating: materials/stone/01_basalt.txt
  CATEGORY: materials (stone)
  NAME: Basalt
  SOURCE: materials/stone/01_basalt.txt

Updating: materials/stone/02_obsidian.txt
  CATEGORY: materials (stone)
  NAME: Obsidian
  SOURCE: materials/stone/02_obsidian.txt

Updating: materials/stone/03_slate.txt
  CATEGORY: materials (stone)
  NAME: Slate
  SOURCE: materials/stone/03_slate.txt

Updating: materials/stone/04_pumice.txt
  CATEGORY: materials (stone)
  NAME: Pumice
  SOURCE: materials/stone/04_pumice.txt

